# JRE version: OpenJDK Runtime Environment Temurin-17.0.7+7 (17.0.7+7) (build 17.0.7+7)
# Java VM: OpenJDK 64-Bit Server VM Temurin-17.0.7+7 (17.0.7+7, mixed mode, emulated-client, tiered, compressed oops, compressed class ptrs, g1 gc, windows-amd64)
GC Precious Log:
 CPUs: 4 total, 4 available
 Memory: 8006M
 Large Page Support: Disabled
 NUMA Support: Disabled
 Compressed Oops: Enabled (32-bit)
 Heap Region Size: 1M
 Heap Min Capacity: 8M
 Heap Initial Capacity: 126M
 Heap Max Capacity: 1G
 Pre-touch: Disabled
 Parallel Workers: 4
 Concurrent Workers: 1
 Concurrent Refinement Workers: 4
 Periodic GC: Disabled
Heap:
 garbage-first heap   total 55296K, used 18217K [0x00000000c0000000, 0x0000000100000000)
  region size 1024K, 1 young (1024K), 0 survivors (0K)
 Metaspace       used 37117K, committed 37632K, reserved 1114112K
  class space    used 4807K, committed 4992K, reserved 1048576K
GC Heap History (20 events):
Event: 4111.421 GC heap before
{Heap before GC invocations=405 (full 393):
 garbage-first heap   total 55296K, used 18217K [0x00000000c0000000, 0x0000000100000000)
  region size 1024K, 1 young (1024K), 0 survivors (0K)
 Metaspace       used 37117K, committed 37632K, reserved 1114112K
  class space    used 4807K, committed 4992K, reserved 1048576K
}
Event: 4111.457 GC heap after
{Heap after GC invocations=406 (full 394):
 garbage-first heap   total 55296K, used 18217K [0x00000000c0000000, 0x0000000100000000)
  region size 1024K, 0 young (0K), 0 survivors (0K)
 Metaspace       used 37117K, committed 37632K, reserved 1114112K
  class space    used 4807K, committed 4992K, reserved 1048576K
}
Event: 4121.983 GC heap before
{Heap before GC invocations=406 (full 394):
 garbage-first heap   total 55296K, used 18217K [0x00000000c0000000, 0x0000000100000000)
  region size 1024K, 1 young (1024K), 0 survivors (0K)
 Metaspace       used 37117K, committed 37632K, reserved 1114112K
  class space    used 4807K, committed 4992K, reserved 1048576K
}
Event: 4122.018 GC heap after
{Heap after GC invocations=407 (full 395):
 garbage-first heap   total 55296K, used 18217K [0x00000000c0000000, 0x0000000100000000)
  region size 1024K, 0 young (0K), 0 survivors (0K)
 Metaspace       used 37117K, committed 37632K, reserved 1114112K
  class space    used 4807K, committed 4992K, reserved 1048576K
}
Event: 4132.264 GC heap before
{Heap before GC invocations=407 (full 395):
 garbage-first heap   total 55296K, used 18217K [0x00000000c0000000, 0x0000000100000000)
  region size 1024K, 1 young (1024K), 0 survivors (0K)
 Metaspace       used 37117K, committed 37632K, reserved 1114112K
  class space    used 4807K, committed 4992K, reserved 1048576K
}
Event: 4132.298 GC heap after
{Heap after GC invocations=408 (full 396):
 garbage-first heap   total 55296K, used 18217K [0x00000000c0000000, 0x0000000100000000)
  region size 1024K, 0 young (0K), 0 survivors (0K)
 Metaspace       used 37117K, committed 37632K, reserved 1114112K
  class space    used 4807K, committed 4992K, reserved 1048576K
}
Event: 4142.569 GC heap before
{Heap before GC invocations=408 (full 396):
 garbage-first heap   total 55296K, used 18217K [0x00000000c0000000, 0x0000000100000000)
  region size 1024K, 1 young (1024K), 0 survivors (0K)
 Metaspace       used 37117K, committed 37632K, reserved 1114112K
  class space    used 4807K, committed 4992K, reserved 1048576K
}
Event: 4142.604 GC heap after
{Heap after GC invocations=409 (full 397):
 garbage-first heap   total 55296K, used 18217K [0x00000000c0000000, 0x0000000100000000)
  region size 1024K, 0 young (0K), 0 survivors (0K)
 Metaspace       used 37117K, committed 37632K, reserved 1114112K
  class space    used 4807K, committed 4992K, reserved 1048576K
}
Event: 4152.894 GC heap before
{Heap before GC invocations=409 (full 397):
 garbage-first heap   total 55296K, used 18217K [0x00000000c0000000, 0x0000000100000000)
  region size 1024K, 1 young (1024K), 0 survivors (0K)
 Metaspace       used 37117K, committed 37632K, reserved 1114112K
  class space    used 4807K, committed 4992K, reserved 1048576K
}
Event: 4152.931 GC heap after
{Heap after GC invocations=410 (full 398):
 garbage-first heap   total 55296K, used 18217K [0x00000000c0000000, 0x0000000100000000)
  region size 1024K, 0 young (0K), 0 survivors (0K)
 Metaspace       used 37117K, committed 37632K, reserved 1114112K
  class space    used 4807K, committed 4992K, reserved 1048576K
}
Event: 4163.597 GC heap before
{Heap before GC invocations=410 (full 398):
 garbage-first heap   total 55296K, used 18217K [0x00000000c0000000, 0x0000000100000000)
  region size 1024K, 1 young (1024K), 0 survivors (0K)
 Metaspace       used 37117K, committed 37632K, reserved 1114112K
  class space    used 4807K, committed 4992K, reserved 1048576K
}
Event: 4163.634 GC heap after
{Heap after GC invocations=411 (full 399):
 garbage-first heap   total 55296K, used 18217K [0x00000000c0000000, 0x0000000100000000)
  region size 1024K, 0 young (0K), 0 survivors (0K)
 Metaspace       used 37117K, committed 37632K, reserved 1114112K
  class space    used 4807K, committed 4992K, reserved 1048576K
}
Event: 4173.871 GC heap before
{Heap before GC invocations=411 (full 399):
 garbage-first heap   total 55296K, used 18217K [0x00000000c0000000, 0x0000000100000000)
  region size 1024K, 1 young (1024K), 0 survivors (0K)
 Metaspace       used 37117K, committed 37632K, reserved 1114112K
  class space    used 4807K, committed 4992K, reserved 1048576K
}
Event: 4173.904 GC heap after
{Heap after GC invocations=412 (full 400):
 garbage-first heap   total 55296K, used 18217K [0x00000000c0000000, 0x0000000100000000)
  region size 1024K, 0 young (0K), 0 survivors (0K)
 Metaspace       used 37117K, committed 37632K, reserved 1114112K
  class space    used 4807K, committed 4992K, reserved 1048576K
}
Event: 4184.204 GC heap before
{Heap before GC invocations=412 (full 400):
 garbage-first heap   total 55296K, used 18217K [0x00000000c0000000, 0x0000000100000000)
  region size 1024K, 1 young (1024K), 0 survivors (0K)
 Metaspace       used 37117K, committed 37632K, reserved 1114112K
  class space    used 4807K, committed 4992K, reserved 1048576K
}
Event: 4184.243 GC heap after
{Heap after GC invocations=413 (full 401):
 garbage-first heap   total 55296K, used 18217K [0x00000000c0000000, 0x0000000100000000)
  region size 1024K, 0 young (0K), 0 survivors (0K)
 Metaspace       used 37117K, committed 37632K, reserved 1114112K
  class space    used 4807K, committed 4992K, reserved 1048576K
}
Event: 4194.527 GC heap before
{Heap before GC invocations=413 (full 401):
 garbage-first heap   total 55296K, used 18217K [0x00000000c0000000, 0x0000000100000000)
  region size 1024K, 1 young (1024K), 0 survivors (0K)
 Metaspace       used 37117K, committed 37632K, reserved 1114112K
  class space    used 4807K, committed 4992K, reserved 1048576K
}
Event: 4194.564 GC heap after
{Heap after GC invocations=414 (full 402):
 garbage-first heap   total 55296K, used 18217K [0x00000000c0000000, 0x0000000100000000)
  region size 1024K, 0 young (0K), 0 survivors (0K)
 Metaspace       used 37117K, committed 37632K, reserved 1114112K
  class space    used 4807K, committed 4992K, reserved 1048576K
}
Event: 4204.798 GC heap before
{Heap before GC invocations=414 (full 402):
 garbage-first heap   total 55296K, used 18217K [0x00000000c0000000, 0x0000000100000000)
  region size 1024K, 1 young (1024K), 0 survivors (0K)
 Metaspace       used 37117K, committed 37632K, reserved 1114112K
  class space    used 4807K, committed 4992K, reserved 1048576K
}
Event: 4204.834 GC heap after
{Heap after GC invocations=415 (full 403):
 garbage-first heap   total 55296K, used 18217K [0x00000000c0000000, 0x0000000100000000)
  region size 1024K, 0 young (0K), 0 survivors (0K)
 Metaspace       used 37117K, committed 37632K, reserved 1114112K
  class space    used 4807K, committed 4992K, reserved 1048576K
}

