# JRE version: OpenJDK Runtime Environment Temurin-17.0.7+7 (17.0.7+7) (build 17.0.7+7)
# Java VM: OpenJDK 64-Bit Server VM Temurin-17.0.7+7 (17.0.7+7, mixed mode, emulated-client, tiered, compressed oops, compressed class ptrs, g1 gc, windows-amd64)
GC Precious Log:
 CPUs: 4 total, 4 available
 Memory: 8006M
 Large Page Support: Disabled
 NUMA Support: Disabled
 Compressed Oops: Enabled (32-bit)
 Heap Region Size: 1M
 Heap Min Capacity: 8M
 Heap Initial Capacity: 126M
 Heap Max Capacity: 1G
 Pre-touch: Disabled
 Parallel Workers: 4
 Concurrent Workers: 1
 Concurrent Refinement Workers: 4
 Periodic GC: Disabled
Heap:
 garbage-first heap   total 58368K, used 18141K [0x00000000c0000000, 0x0000000100000000)
  region size 1024K, 1 young (1024K), 0 survivors (0K)
 Metaspace       used 37113K, committed 37632K, reserved 1114112K
  class space    used 4804K, committed 4992K, reserved 1048576K
GC Heap History (20 events):
Event: 1297.706 GC heap before
{Heap before GC invocations=125 (full 115):
 garbage-first heap   total 58368K, used 18141K [0x00000000c0000000, 0x0000000100000000)
  region size 1024K, 1 young (1024K), 0 survivors (0K)
 Metaspace       used 37113K, committed 37632K, reserved 1114112K
  class space    used 4804K, committed 4992K, reserved 1048576K
}
Event: 1297.751 GC heap after
{Heap after GC invocations=126 (full 116):
 garbage-first heap   total 58368K, used 18141K [0x00000000c0000000, 0x0000000100000000)
  region size 1024K, 0 young (0K), 0 survivors (0K)
 Metaspace       used 37113K, committed 37632K, reserved 1114112K
  class space    used 4804K, committed 4992K, reserved 1048576K
}
Event: 1308.139 GC heap before
{Heap before GC invocations=126 (full 116):
 garbage-first heap   total 58368K, used 18141K [0x00000000c0000000, 0x0000000100000000)
  region size 1024K, 1 young (1024K), 0 survivors (0K)
 Metaspace       used 37113K, committed 37632K, reserved 1114112K
  class space    used 4804K, committed 4992K, reserved 1048576K
}
Event: 1308.173 GC heap after
{Heap after GC invocations=127 (full 117):
 garbage-first heap   total 58368K, used 18141K [0x00000000c0000000, 0x0000000100000000)
  region size 1024K, 0 young (0K), 0 survivors (0K)
 Metaspace       used 37113K, committed 37632K, reserved 1114112K
  class space    used 4804K, committed 4992K, reserved 1048576K
}
Event: 1318.551 GC heap before
{Heap before GC invocations=127 (full 117):
 garbage-first heap   total 58368K, used 18141K [0x00000000c0000000, 0x0000000100000000)
  region size 1024K, 1 young (1024K), 0 survivors (0K)
 Metaspace       used 37113K, committed 37632K, reserved 1114112K
  class space    used 4804K, committed 4992K, reserved 1048576K
}
Event: 1318.588 GC heap after
{Heap after GC invocations=128 (full 118):
 garbage-first heap   total 58368K, used 18141K [0x00000000c0000000, 0x0000000100000000)
  region size 1024K, 0 young (0K), 0 survivors (0K)
 Metaspace       used 37113K, committed 37632K, reserved 1114112K
  class space    used 4804K, committed 4992K, reserved 1048576K
}
Event: 1328.973 GC heap before
{Heap before GC invocations=128 (full 118):
 garbage-first heap   total 58368K, used 18141K [0x00000000c0000000, 0x0000000100000000)
  region size 1024K, 1 young (1024K), 0 survivors (0K)
 Metaspace       used 37113K, committed 37632K, reserved 1114112K
  class space    used 4804K, committed 4992K, reserved 1048576K
}
Event: 1329.012 GC heap after
{Heap after GC invocations=129 (full 119):
 garbage-first heap   total 58368K, used 18141K [0x00000000c0000000, 0x0000000100000000)
  region size 1024K, 0 young (0K), 0 survivors (0K)
 Metaspace       used 37113K, committed 37632K, reserved 1114112K
  class space    used 4804K, committed 4992K, reserved 1048576K
}
Event: 1339.368 GC heap before
{Heap before GC invocations=129 (full 119):
 garbage-first heap   total 58368K, used 18141K [0x00000000c0000000, 0x0000000100000000)
  region size 1024K, 1 young (1024K), 0 survivors (0K)
 Metaspace       used 37113K, committed 37632K, reserved 1114112K
  class space    used 4804K, committed 4992K, reserved 1048576K
}
Event: 1339.405 GC heap after
{Heap after GC invocations=130 (full 120):
 garbage-first heap   total 58368K, used 18141K [0x00000000c0000000, 0x0000000100000000)
  region size 1024K, 0 young (0K), 0 survivors (0K)
 Metaspace       used 37113K, committed 37632K, reserved 1114112K
  class space    used 4804K, committed 4992K, reserved 1048576K
}
Event: 1349.765 GC heap before
{Heap before GC invocations=130 (full 120):
 garbage-first heap   total 58368K, used 18141K [0x00000000c0000000, 0x0000000100000000)
  region size 1024K, 1 young (1024K), 0 survivors (0K)
 Metaspace       used 37113K, committed 37632K, reserved 1114112K
  class space    used 4804K, committed 4992K, reserved 1048576K
}
Event: 1349.803 GC heap after
{Heap after GC invocations=131 (full 121):
 garbage-first heap   total 58368K, used 18141K [0x00000000c0000000, 0x0000000100000000)
  region size 1024K, 0 young (0K), 0 survivors (0K)
 Metaspace       used 37113K, committed 37632K, reserved 1114112K
  class space    used 4804K, committed 4992K, reserved 1048576K
}
Event: 1360.259 GC heap before
{Heap before GC invocations=131 (full 121):
 garbage-first heap   total 58368K, used 18141K [0x00000000c0000000, 0x0000000100000000)
  region size 1024K, 1 young (1024K), 0 survivors (0K)
 Metaspace       used 37113K, committed 37632K, reserved 1114112K
  class space    used 4804K, committed 4992K, reserved 1048576K
}
Event: 1360.297 GC heap after
{Heap after GC invocations=132 (full 122):
 garbage-first heap   total 58368K, used 18141K [0x00000000c0000000, 0x0000000100000000)
  region size 1024K, 0 young (0K), 0 survivors (0K)
 Metaspace       used 37113K, committed 37632K, reserved 1114112K
  class space    used 4804K, committed 4992K, reserved 1048576K
}
Event: 1371.211 GC heap before
{Heap before GC invocations=132 (full 122):
 garbage-first heap   total 58368K, used 18141K [0x00000000c0000000, 0x0000000100000000)
  region size 1024K, 1 young (1024K), 0 survivors (0K)
 Metaspace       used 37113K, committed 37632K, reserved 1114112K
  class space    used 4804K, committed 4992K, reserved 1048576K
}
Event: 1371.249 GC heap after
{Heap after GC invocations=133 (full 123):
 garbage-first heap   total 58368K, used 18141K [0x00000000c0000000, 0x0000000100000000)
  region size 1024K, 0 young (0K), 0 survivors (0K)
 Metaspace       used 37113K, committed 37632K, reserved 1114112K
  class space    used 4804K, committed 4992K, reserved 1048576K
}
Event: 1384.339 GC heap before
{Heap before GC invocations=133 (full 123):
 garbage-first heap   total 58368K, used 18141K [0x00000000c0000000, 0x0000000100000000)
  region size 1024K, 1 young (1024K), 0 survivors (0K)
 Metaspace       used 37113K, committed 37632K, reserved 1114112K
  class space    used 4804K, committed 4992K, reserved 1048576K
}
Event: 1384.376 GC heap after
{Heap after GC invocations=134 (full 124):
 garbage-first heap   total 58368K, used 18141K [0x00000000c0000000, 0x0000000100000000)
  region size 1024K, 0 young (0K), 0 survivors (0K)
 Metaspace       used 37113K, committed 37632K, reserved 1114112K
  class space    used 4804K, committed 4992K, reserved 1048576K
}
Event: 1396.342 GC heap before
{Heap before GC invocations=134 (full 124):
 garbage-first heap   total 58368K, used 18141K [0x00000000c0000000, 0x0000000100000000)
  region size 1024K, 1 young (1024K), 0 survivors (0K)
 Metaspace       used 37113K, committed 37632K, reserved 1114112K
  class space    used 4804K, committed 4992K, reserved 1048576K
}
Event: 1396.384 GC heap after
{Heap after GC invocations=135 (full 125):
 garbage-first heap   total 58368K, used 18141K [0x00000000c0000000, 0x0000000100000000)
  region size 1024K, 0 young (0K), 0 survivors (0K)
 Metaspace       used 37113K, committed 37632K, reserved 1114112K
  class space    used 4804K, committed 4992K, reserved 1048576K
}

